[2019-08-02 14:39:02.118] [exthost] [info] extension host started
[2019-08-02 14:39:03.101] [exthost] [info] extension host started
[2019-08-02 14:39:03.141] [exthost] [info] ExtensionService#_doActivateExtension vscode.debug-auto-launch {"startup":true,"activationEvent":"*"}
[2019-08-02 14:39:03.141] [exthost] [info] ExtensionService#loadCommonJSModule c:\Users\student\.codemix\engine\resources\app\extensions\debug-auto-launch\dist\extension
[2019-08-02 14:39:03.152] [exthost] [info] ExtensionService#_doActivateExtension vscode.emmet {"startup":true,"activationEvent":"*"}
[2019-08-02 14:39:03.152] [exthost] [info] ExtensionService#loadCommonJSModule c:\Users\student\.codemix\engine\resources\app\extensions\emmet\dist\extension
[2019-08-02 14:39:03.216] [exthost] [info] ExtensionService#_doActivateExtension christian-kohler.path-intellisense {"startup":true,"activationEvent":"*"}
[2019-08-02 14:39:03.216] [exthost] [info] ExtensionService#loadCommonJSModule C:\Users\student\.codemix\extensions\christian-kohler.path-intellisense-1.4.2\out\src\extension
[2019-08-02 14:39:03.251] [exthost] [info] ExtensionService#_doActivateExtension dbaeumer.vscode-eslint {"startup":true,"activationEvent":"*"}
[2019-08-02 14:39:03.252] [exthost] [info] ExtensionService#loadCommonJSModule C:\Users\student\.codemix\extensions\dbaeumer.vscode-eslint-1.9.0\client\out\extension
[2019-08-02 14:39:03.350] [exthost] [info] ExtensionService#_doActivateExtension formulahendry.auto-close-tag {"startup":true,"activationEvent":"*"}
[2019-08-02 14:39:03.350] [exthost] [info] ExtensionService#loadCommonJSModule C:\Users\student\.codemix\extensions\formulahendry.auto-close-tag-0.5.6\out\src\extension
[2019-08-02 14:39:03.367] [exthost] [info] ExtensionService#_doActivateExtension formulahendry.auto-rename-tag {"startup":true,"activationEvent":"*"}
[2019-08-02 14:39:03.367] [exthost] [info] ExtensionService#loadCommonJSModule C:\Users\student\.codemix\extensions\formulahendry.auto-rename-tag-0.0.15\out\src\extension
[2019-08-02 14:39:03.377] [exthost] [info] ExtensionService#_doActivateExtension vscode.configuration-editing {"startup":false,"activationEvent":"onLanguage:jsonc"}
[2019-08-02 14:39:03.377] [exthost] [info] ExtensionService#loadCommonJSModule c:\Users\student\.codemix\engine\resources\app\extensions\configuration-editing\dist\extension
[2019-08-02 14:39:03.392] [exthost] [info] ExtensionService#_doActivateExtension vscode.json-language-features {"startup":false,"activationEvent":"onLanguage:jsonc"}
[2019-08-02 14:39:03.392] [exthost] [info] ExtensionService#loadCommonJSModule c:\Users\student\.codemix\engine\resources\app\extensions\json-language-features\client\dist\jsonMain
[2019-08-02 14:39:03.569] [exthost] [info] ExtensionService#_doActivateExtension vscode.typescript-language-features {"startup":false,"activationEvent":"onLanguage:jsonc"}
[2019-08-02 14:39:03.569] [exthost] [info] ExtensionService#loadCommonJSModule c:\Users\student\.codemix\engine\resources\app\extensions\typescript-language-features\dist\extension
[2019-08-02 14:39:03.707] [exthost] [info] ExtensionService#_doActivateExtension vscode.grunt {"startup":false,"activationEvent":"onCommand:workbench.action.tasks.runTask"}
[2019-08-02 14:39:03.707] [exthost] [info] ExtensionService#loadCommonJSModule c:\Users\student\.codemix\engine\resources\app\extensions\grunt\dist\main
[2019-08-02 14:39:03.714] [exthost] [info] ExtensionService#_doActivateExtension vscode.gulp {"startup":false,"activationEvent":"onCommand:workbench.action.tasks.runTask"}
[2019-08-02 14:39:03.714] [exthost] [info] ExtensionService#loadCommonJSModule c:\Users\student\.codemix\engine\resources\app\extensions\gulp\dist\main
[2019-08-02 14:39:03.721] [exthost] [info] ExtensionService#_doActivateExtension vscode.jake {"startup":false,"activationEvent":"onCommand:workbench.action.tasks.runTask"}
[2019-08-02 14:39:03.721] [exthost] [info] ExtensionService#loadCommonJSModule c:\Users\student\.codemix\engine\resources\app\extensions\jake\dist\main
[2019-08-02 14:39:03.728] [exthost] [info] ExtensionService#_doActivateExtension vscode.npm {"startup":false,"activationEvent":"onCommand:workbench.action.tasks.runTask"}
[2019-08-02 14:39:03.728] [exthost] [info] ExtensionService#loadCommonJSModule c:\Users\student\.codemix\engine\resources\app\extensions\npm\dist\main
[2019-08-02 14:39:03.764] [exthost] [info] eager extensions activated
